n/20190905_175842.jpg
n/20190905_175713.jpg
n/20190831_162841.jpg
n/20190831_162830.jpg
n/20190831_162752.jpg
n/20190831_155619.jpg
n/20190831_155614.jpg
n/20190831_152247.jpg
n/20190831_152246.jpg
n/20190831_151446.jpg
n/20190831_151438.jpg
n/20190831_151418.jpg
n/20190831_151350.jpg
n/20190831_151349.jpg
n/20190831_151345.jpg
n/20190831_150946.jpg
n/20190831_150943.jpg
n/20190831_150937.jpg
n/20190831_150936.jpg
n/20190831_150930(0).jpg
n/20190831_150930(1).jpg
n/20190831_150925.jpg
n/20190831_143903.jpg
n/20190831_143901.jpg
n/20190831_142828.jpg
n/20190831_142145.jpg
n/20190831_142143.jpg
n/20190831_142135.jpg
n/20190831_142133.jpg
n/20190827_160854.jpg
n/20190826_163633.jpg
n/20190826_163630.jpg
n/20190728_182615.jpg
n/20190728_182609.jpg
n/20190728_182511.jpg
n/20190728_182507.jpg
n/20190728_182458.jpg
n/20190728_182431.jpg
n/20190728_182428.jpg
n/20190728_182138.jpg
n/20190728_182121.jpg
n/20190728_182119.jpg
n/20190728_180740.jpg
n/20190728_180719.jpg
n/20190728_180705.jpg
n/20190728_180629.jpg
n/20190728_180239.jpg
n/20190728_180102.jpg
n/20190728_180049.jpg
n/20190723_183323.jpg
n/20190723_183321.jpg
n/20190723_183116.jpg
n/20190723_183041.jpg
n/20190723_182735.jpg
n/20190723_182719.jpg
n/20190723_182659.jpg
n/20190723_182340.jpg
n/20190723_182336.jpg
n/20190723_182331.jpg
n/20190723_162736.jpg
n/20190723_122755.jpg
n/20190723_122749.jpg
n/20190723_122628.jpg
n/20190723_122624.jpg
n/20190723_121543.jpg
n/20190723_121533(0).jpg
n/20190723_121533.jpg
n/20190723_120054.jpg
n/20190723_120051.jpg
n/20190723_113707.jpg
n/20190723_113659.jpg
n/20190723_113657.jpg
n/20190723_113216.jpg
n/20190722_185642.jpg
n/20190722_185635.jpg
n/20190722_185322.jpg
n/20190722_185318.jpg
n/20190722_115035.jpg
n/20190722_115024.jpg
n/20190722_114943.jpg
n/20190722_114922.jpg
n/20190722_114857.jpg
n/20190722_113031.jpg
n/20190722_111951.jpg
n/20190722_111941.jpg
n/20190722_111903.jpg
n/1605513359941.jpg
n/1605513346175.jpg
n/IMG_20190320_061738720.jpg
n/IMG_20190320_061736945.jpg
n/IMG_20190126_153911474_BURST000_COVER_TOP.jpg
n/IMG_20190126_153911474_BURST001.jpg
n/IMG_20190126_153910440.jpg
n/IMG_20190113_233628234.jpg
n/IMG_20190113_233621761.jpg
n/IMG_20190113_233423114.jpg
n/IMG_20190113_233328048.jpg
n/IMG_20190113_233252986.jpg
n/IMG_20190113_233241015.jpg
n/IMG_20190102_154452209.jpg
n/IMG_20190102_154426455.jpg
n/IMG_20181231_201209184.jpg
n/IMG_20181222_225422121.jpg
n/IMG_20181123_224719457.jpg
n/IMG_20181123_224713042.jpg
n/IMG_20181123_224710688.jpg
n/IMG_20181123_224622671.jpg
n/IMG_20181123_224521071.jpg
n/IMG_20181123_224510134.jpg
n/IMG_20181117_173730996_HDR~3.jpg
n/IMG_20181117_173730996_HDR~2.jpg
n/IMG_20181117_173730996_HDR.jpg
n/IMG_20180918_104203707.jpg
n/IMG_20180918_104159694.jpg
n/IMG_20180918_104158563.jpg
n/IMG_20180914_180205724_HDR.jpg
n/IMG_20180914_130742605.jpg
n/IMG_20180908_222757889.jpg
n/IMG_20180831_113922292.jpg